<?xml version="1.0" encoding="UTF-8"?>
<testng-results skipped="0" failed="0" ignored="0" total="1" passed="1">
  <reporter-output>
  </reporter-output>
  <suite name="Default suite" duration-ms="9182" started-at="2020-12-16T15:14:33 GMT" finished-at="2020-12-16T15:14:42 GMT">
    <groups>
    </groups>
    <test name="Default test" duration-ms="9182" started-at="2020-12-16T15:14:33 GMT" finished-at="2020-12-16T15:14:42 GMT">
      <class name="testScript.Discover_Hiking_page_Test">
        <test-method status="PASS" signature="Hike_page_Navigation()[pri:0, instance:testScript.Discover_Hiking_page_Test@49fc609f]" name="Hike_page_Navigation" duration-ms="9151" started-at="2020-12-16T15:14:33 GMT" finished-at="2020-12-16T15:14:42 GMT">
          <reporter-output>
          </reporter-output>
        </test-method> <!-- Hike_page_Navigation -->
      </class> <!-- testScript.Discover_Hiking_page_Test -->
    </test> <!-- Default test -->
  </suite> <!-- Default suite -->
</testng-results>
